2022-04-04 09:53:46.120 INFO  (main) [   ] o.e.j.u.log Logging initialized @8386ms to org.eclipse.jetty.util.log.Slf4jLog
2022-04-04 09:53:46.606 INFO  (main) [   ] o.e.j.s.Server jetty-9.4.44.v20210927; built: 2021-09-27T23:02:44.612Z; git: 8da83308eeca865e495e53ef315a249d63ba9332; jvm 15.0.1+9-18
2022-04-04 09:53:46.621 INFO  (main) [   ] o.e.j.d.p.ScanningAppProvider Deployment monitor [file:///C:/Users/Junlong/Desktop/CZ4034/solr-8.11.1/server/contexts/] at interval 0
2022-04-04 09:54:04.580 INFO  (main) [   ] o.e.j.w.StandardDescriptorProcessor NO JSP Support for /solr, did not find org.apache.jasper.servlet.JspServlet
2022-04-04 09:54:04.594 INFO  (main) [   ] o.e.j.s.session DefaultSessionIdManager workerName=node0
2022-04-04 09:54:04.594 INFO  (main) [   ] o.e.j.s.session No SessionScavenger set, using defaults
2022-04-04 09:54:04.598 INFO  (main) [   ] o.e.j.s.session node0 Scavenging every 660000ms
2022-04-04 09:54:04.703 INFO  (main) [   ] o.a.s.s.SolrDispatchFilter Using logger factory org.apache.logging.slf4j.Log4jLoggerFactory
2022-04-04 09:54:04.712 INFO  (main) [   ] o.a.s.s.SolrDispatchFilter  ___      _       Welcome to Apache Solr™ version 8.11.1
2022-04-04 09:54:04.713 INFO  (main) [   ] o.a.s.s.SolrDispatchFilter / __| ___| |_ _   Starting in standalone mode on port 8983
2022-04-04 09:54:04.713 INFO  (main) [   ] o.a.s.s.SolrDispatchFilter \__ \/ _ \ | '_|  Install dir: C:\Users\Junlong\Desktop\CZ4034\solr-8.11.1
2022-04-04 09:54:04.713 INFO  (main) [   ] o.a.s.s.SolrDispatchFilter |___/\___/_|_|    Start time: 2022-04-04T09:54:04.713153100Z
2022-04-04 09:54:04.740 INFO  (main) [   ] o.a.s.c.SolrPaths Using system property solr.solr.home: C:\Users\Junlong\Desktop\CZ4034\solr-8.11.1\server\solr
2022-04-04 09:54:04.740 INFO  (main) [   ] o.a.s.c.SolrXmlConfig Loading container configuration from C:\Users\Junlong\Desktop\CZ4034\solr-8.11.1\server\solr\solr.xml
2022-04-04 09:54:04.878 INFO  (main) [   ] o.a.s.c.SolrXmlConfig MBean server found: com.sun.jmx.mbeanserver.JmxMBeanServer@821330f, but no JMX reporters were configured - adding default JMX reporter.
2022-04-04 09:54:05.620 INFO  (main) [   ] o.a.s.h.c.HttpShardHandlerFactory Host whitelist initialized: WhitelistHostChecker [whitelistHosts=null, whitelistHostCheckingEnabled=true]
2022-04-04 09:54:05.891 WARN  (main) [   ] o.e.j.u.s.S.config Trusting all certificates configured for Client@73437222[provider=null,keyStore=null,trustStore=null]
2022-04-04 09:54:05.891 WARN  (main) [   ] o.e.j.u.s.S.config No Client EndPointIdentificationAlgorithm configured for Client@73437222[provider=null,keyStore=null,trustStore=null]
2022-04-04 09:54:06.078 WARN  (main) [   ] o.e.j.u.s.S.config Trusting all certificates configured for Client@5cbe2654[provider=null,keyStore=null,trustStore=null]
2022-04-04 09:54:06.078 WARN  (main) [   ] o.e.j.u.s.S.config No Client EndPointIdentificationAlgorithm configured for Client@5cbe2654[provider=null,keyStore=null,trustStore=null]
2022-04-04 09:54:06.151 WARN  (main) [   ] o.a.s.c.CoreContainer Not all security plugins configured!  authentication=disabled authorization=disabled.  Solr is only as secure as you make it. Consider configuring authentication/authorization before exposing Solr to users internal or external.  See https://s.apache.org/solrsecurity for more info
2022-04-04 09:54:11.201 INFO  (main) [   ] o.a.s.c.TransientSolrCoreCacheDefault Allocating transient core cache for max 2147483647 cores with initial capacity of 1024
2022-04-04 09:54:11.232 INFO  (main) [   ] o.a.s.h.a.MetricsHistoryHandler No .system collection, keeping metrics history in memory.
2022-04-04 09:54:11.377 INFO  (main) [   ] o.a.s.m.r.SolrJmxReporter JMX monitoring for 'solr.node' (registry 'solr.node') enabled at server: com.sun.jmx.mbeanserver.JmxMBeanServer@821330f
2022-04-04 09:54:11.378 INFO  (main) [   ] o.a.s.m.r.SolrJmxReporter JMX monitoring for 'solr.jvm' (registry 'solr.jvm') enabled at server: com.sun.jmx.mbeanserver.JmxMBeanServer@821330f
2022-04-04 09:54:11.379 INFO  (main) [   ] o.a.s.m.r.SolrJmxReporter JMX monitoring for 'solr.jetty' (registry 'solr.jetty') enabled at server: com.sun.jmx.mbeanserver.JmxMBeanServer@821330f
2022-04-04 09:54:11.473 INFO  (main) [   ] o.a.s.c.CorePropertiesLocator Found 1 core definitions underneath C:\Users\Junlong\Desktop\CZ4034\solr-8.11.1\server\solr
2022-04-04 09:54:11.474 INFO  (main) [   ] o.a.s.c.CorePropertiesLocator Cores are: [CZ4034]
2022-04-04 09:54:11.545 INFO  (coreLoadExecutor-13-thread-1) [   x:CZ4034] o.a.s.c.SolrConfig Using Lucene MatchVersion: 8.11.1
2022-04-04 09:54:11.617 WARN  (coreLoadExecutor-13-thread-1) [   x:CZ4034] o.a.s.c.SolrConfig solrconfig.xml: <jmx> is no longer supported, use solr.xml:/metrics/reporter section instead
2022-04-04 09:54:11.719 INFO  (coreLoadExecutor-13-thread-1) [   x:CZ4034] o.a.s.s.IndexSchema Schema name=default-config
2022-04-04 09:54:12.178 WARN  (coreLoadExecutor-13-thread-1) [   x:CZ4034] o.a.s.s.AbstractSpatialPrefixTreeFieldType FieldType SpatialRecursivePrefixTreeFieldType does not allow omitNorms to be specified in schema, hardcoded behavior is omitNorms=true
2022-04-04 09:54:12.178 WARN  (coreLoadExecutor-13-thread-1) [   x:CZ4034] o.a.s.s.AbstractSpatialPrefixTreeFieldType FieldType SpatialRecursivePrefixTreeFieldType does not allow omitTermFreqAndPositions to be specified in schema, hardcoded behavior is omitTermFreqAndPositions=true
2022-04-04 09:54:12.178 WARN  (coreLoadExecutor-13-thread-1) [   x:CZ4034] o.a.s.s.AbstractSpatialPrefixTreeFieldType FieldType SpatialRecursivePrefixTreeFieldType does not allow termOffsets to be specified in schema, hardcoded behavior is termOffsets=false
2022-04-04 09:54:12.178 WARN  (coreLoadExecutor-13-thread-1) [   x:CZ4034] o.a.s.s.AbstractSpatialPrefixTreeFieldType FieldType SpatialRecursivePrefixTreeFieldType does not allow termPositions to be specified in schema, hardcoded behavior is termPositions=false
2022-04-04 09:54:12.178 WARN  (coreLoadExecutor-13-thread-1) [   x:CZ4034] o.a.s.s.AbstractSpatialPrefixTreeFieldType FieldType SpatialRecursivePrefixTreeFieldType does not allow omitPositions to be specified in schema, hardcoded behavior is omitPositions=true
2022-04-04 09:54:12.349 INFO  (main) [   ] o.e.j.s.h.ContextHandler Started o.e.j.w.WebAppContext@751d3241{/solr,file:///C:/Users/Junlong/Desktop/CZ4034/solr-8.11.1/server/solr-webapp/webapp/,AVAILABLE}{C:\Users\Junlong\Desktop\CZ4034\solr-8.11.1\server/solr-webapp/webapp}
2022-04-04 09:54:12.367 INFO  (main) [   ] o.e.j.s.AbstractConnector Started ServerConnector@476b0ae6{HTTP/1.1, (http/1.1, h2c)}{0.0.0.0:8983}
2022-04-04 09:54:12.368 INFO  (main) [   ] o.e.j.s.Server Started @34639ms
2022-04-04 09:54:12.403 INFO  (coreLoadExecutor-13-thread-1) [   x:CZ4034] o.a.s.s.IndexSchema Loaded schema default-config/1.6 with uniqueid field id
2022-04-04 09:54:12.469 INFO  (coreLoadExecutor-13-thread-1) [   x:CZ4034] o.a.s.c.CoreContainer Creating SolrCore 'CZ4034' using configuration from instancedir C:\Users\Junlong\Desktop\CZ4034\solr-8.11.1\server\solr\CZ4034, trusted=true
2022-04-04 09:54:12.506 INFO  (coreLoadExecutor-13-thread-1) [   x:CZ4034] o.a.s.m.r.SolrJmxReporter JMX monitoring for 'solr.core.CZ4034' (registry 'solr.core.CZ4034') enabled at server: com.sun.jmx.mbeanserver.JmxMBeanServer@821330f
2022-04-04 09:54:12.524 INFO  (coreLoadExecutor-13-thread-1) [   x:CZ4034] o.a.s.c.SolrCore [[CZ4034] ] Opening new SolrCore at [C:\Users\Junlong\Desktop\CZ4034\solr-8.11.1\server\solr\CZ4034], dataDir=[C:\Users\Junlong\Desktop\CZ4034\solr-8.11.1\server\solr\CZ4034\data\]
2022-04-04 09:54:14.890 INFO  (qtp195801026-26) [   ] o.a.s.s.HttpSolrCall [admin] webapp=null path=/admin/info/system params={wt=json} status=0 QTime=64
2022-04-04 09:54:18.676 INFO  (coreLoadExecutor-13-thread-1) [   x:CZ4034] o.a.s.u.UpdateHandler Using UpdateLog implementation: org.apache.solr.update.UpdateLog
2022-04-04 09:54:18.676 INFO  (coreLoadExecutor-13-thread-1) [   x:CZ4034] o.a.s.u.UpdateLog Initializing UpdateLog: dataDir= defaultSyncLevel=FLUSH numRecordsToKeep=100 maxNumLogsToKeep=10 numVersionBuckets=65536
2022-04-04 09:54:18.700 INFO  (coreLoadExecutor-13-thread-1) [   x:CZ4034] o.a.s.u.CommitTracker Hard AutoCommit: if uncommitted for 15000ms; 
2022-04-04 09:54:18.700 INFO  (coreLoadExecutor-13-thread-1) [   x:CZ4034] o.a.s.u.CommitTracker Soft AutoCommit: disabled
2022-04-04 09:54:19.059 INFO  (coreLoadExecutor-13-thread-1) [   x:CZ4034] o.a.s.r.ManagedResourceStorage File-based storage initialized to use dir: C:\Users\Junlong\Desktop\CZ4034\solr-8.11.1\server\solr\CZ4034\conf
2022-04-04 09:54:19.083 INFO  (coreLoadExecutor-13-thread-1) [   x:CZ4034] o.a.s.h.c.SpellCheckComponent Initializing spell checkers
2022-04-04 09:54:19.112 INFO  (coreLoadExecutor-13-thread-1) [   x:CZ4034] o.a.s.h.c.SpellCheckComponent Registering newSearcher listener for spellchecker: default
2022-04-04 09:54:19.148 INFO  (coreLoadExecutor-13-thread-1) [   x:CZ4034] o.a.s.h.c.SuggestComponent Initializing SuggestComponent
2022-04-04 09:54:19.153 INFO  (coreLoadExecutor-13-thread-1) [   x:CZ4034] o.a.s.s.s.SolrSuggester init: {name=default,lookupImpl=BlendedInfixLookupFactory,blenderType=position_linear,dictionaryimpl=DocumentDictionaryFactory,field=content_suggest,weightField=weight,suggestAnalyzerFieldType=phrase_suggest,indexPath=suggest,buildOnStartup=true,buildOnCommit=false,exactMatchFirst=true}
2022-04-04 09:54:19.244 INFO  (coreLoadExecutor-13-thread-1) [   x:CZ4034] o.a.s.s.s.SolrSuggester No dictionaryImpl parameter was provided falling back to org.apache.solr.spelling.suggest.HighFrequencyDictionaryFactory
2022-04-04 09:54:19.245 INFO  (coreLoadExecutor-13-thread-1) [   x:CZ4034] o.a.s.s.s.SolrSuggester Dictionary loaded with params: {name=default,lookupImpl=BlendedInfixLookupFactory,blenderType=position_linear,dictionaryimpl=DocumentDictionaryFactory,field=content_suggest,weightField=weight,suggestAnalyzerFieldType=phrase_suggest,indexPath=suggest,buildOnStartup=true,buildOnCommit=false,exactMatchFirst=true}
2022-04-04 09:54:19.245 INFO  (coreLoadExecutor-13-thread-1) [   x:CZ4034] o.a.s.h.c.SuggestComponent Registering searcher listener for suggester: default = SuggesterListener [core=org.apache.solr.core.SolrCore@6cb1e83, suggester=SolrSuggester [ name=default, sourceLocation=null, storeDir=, lookupImpl=BlendedInfixLookupFactory, dictionaryImpl=org.apache.solr.spelling.suggest.HighFrequencyDictionaryFactory, sizeInBytes=14196 ], buildOnCommit=false, buildOnOptimize=false, buildOnStartup=true, isCoreReload=false]
2022-04-04 09:54:19.251 INFO  (coreLoadExecutor-13-thread-1) [   x:CZ4034] o.a.s.h.ReplicationHandler Commits will be reserved for 10000 ms
2022-04-04 09:54:19.278 INFO  (searcherExecutor-15-thread-1-processing-x:CZ4034) [   x:CZ4034] o.a.s.c.QuerySenderListener QuerySenderListener done.
2022-04-04 09:54:19.278 INFO  (searcherExecutor-15-thread-1-processing-x:CZ4034) [   x:CZ4034] o.a.s.h.c.SpellCheckComponent Loading spell index for spellchecker: default
2022-04-04 09:54:19.289 INFO  (searcherExecutor-15-thread-1-processing-x:CZ4034) [   x:CZ4034] o.a.s.h.c.SpellCheckComponent Loading spell index for spellchecker: wordbreak
2022-04-04 09:54:19.289 INFO  (searcherExecutor-15-thread-1-processing-x:CZ4034) [   x:CZ4034] o.a.s.h.c.SpellCheckComponent Loading spell index for spellchecker: jarowinkler
2022-04-04 09:54:19.293 INFO  (searcherExecutor-15-thread-1-processing-x:CZ4034) [   x:CZ4034] o.a.s.h.c.SuggestComponent buildOnStartup: default
2022-04-04 09:54:19.293 INFO  (searcherExecutor-15-thread-1-processing-x:CZ4034) [   x:CZ4034] o.a.s.s.s.SolrSuggester SolrSuggester.build(default)
